mode: set
github.com/dhoard/fleetsh/internal/output/stream.go:32.46,33.41 1 1
github.com/dhoard/fleetsh/internal/output/stream.go:33.41,35.22 1 1
github.com/dhoard/fleetsh/internal/output/stream.go:35.22,37.4 1 1
github.com/dhoard/fleetsh/internal/output/stream.go:38.3,38.47 1 1
github.com/dhoard/fleetsh/internal/output/stream.go:40.2,41.25 2 1
github.com/dhoard/fleetsh/internal/output/stream.go:41.25,43.3 1 1
github.com/dhoard/fleetsh/internal/output/stream.go:44.2,44.50 1 1
github.com/dhoard/fleetsh/internal/output/stream.go:55.32,58.2 2 1
github.com/dhoard/fleetsh/internal/output/stream.go:60.142,61.14 1 1
github.com/dhoard/fleetsh/internal/output/stream.go:61.14,63.3 1 1
github.com/dhoard/fleetsh/internal/output/stream.go:65.2,66.36 2 1
github.com/dhoard/fleetsh/internal/output/stream.go:66.36,67.41 1 1
github.com/dhoard/fleetsh/internal/output/stream.go:67.41,69.4 1 1
github.com/dhoard/fleetsh/internal/output/stream.go:70.3,72.16 3 1
github.com/dhoard/fleetsh/internal/output/stream.go:75.2,78.19 3 1
github.com/dhoard/fleetsh/internal/output/stream.go:78.19,80.3 1 1
github.com/dhoard/fleetsh/internal/output/stream.go:81.2,81.19 1 1
github.com/dhoard/fleetsh/internal/output/stream.go:81.19,83.3 1 1
github.com/dhoard/fleetsh/internal/output/stream.go:85.2,89.25 4 1
github.com/dhoard/fleetsh/internal/output/stream.go:89.25,90.48 1 1
github.com/dhoard/fleetsh/internal/output/stream.go:90.48,91.22 1 1
github.com/dhoard/fleetsh/internal/output/stream.go:91.22,94.5 2 1
github.com/dhoard/fleetsh/internal/output/stream.go:95.4,96.36 2 1
github.com/dhoard/fleetsh/internal/output/stream.go:99.3,99.14 1 1
github.com/dhoard/fleetsh/internal/output/stream.go:99.14,109.42 9 1
github.com/dhoard/fleetsh/internal/output/stream.go:109.42,112.5 2 1
github.com/dhoard/fleetsh/internal/output/stream.go:112.10,114.5 1 1
github.com/dhoard/fleetsh/internal/output/stream.go:115.9,115.28 1 1
github.com/dhoard/fleetsh/internal/output/stream.go:115.28,117.4 1 1
github.com/dhoard/fleetsh/internal/output/stream.go:117.9,117.23 1 1
github.com/dhoard/fleetsh/internal/output/stream.go:117.23,121.4 3 1
github.com/dhoard/fleetsh/internal/output/stream.go:121.9,125.4 3 1
github.com/dhoard/fleetsh/internal/output/stream.go:128.2,128.20 1 1
github.com/dhoard/fleetsh/internal/output/stream.go:128.20,131.3 2 1
github.com/dhoard/fleetsh/internal/output/stream.go:133.2,137.24 5 1
github.com/dhoard/fleetsh/internal/output/stream.go:137.24,139.3 1 1
github.com/dhoard/fleetsh/internal/output/stream.go:140.2,142.16 2 1
github.com/dhoard/fleetsh/internal/output/stream.go:177.130,178.14 1 1
github.com/dhoard/fleetsh/internal/output/stream.go:178.14,180.3 1 1
github.com/dhoard/fleetsh/internal/output/stream.go:184.2,189.19 4 1
github.com/dhoard/fleetsh/internal/output/stream.go:189.19,191.3 1 1
github.com/dhoard/fleetsh/internal/output/stream.go:192.2,192.19 1 1
github.com/dhoard/fleetsh/internal/output/stream.go:192.19,194.3 1 1
github.com/dhoard/fleetsh/internal/output/stream.go:196.2,200.25 4 1
github.com/dhoard/fleetsh/internal/output/stream.go:200.25,201.48 1 1
github.com/dhoard/fleetsh/internal/output/stream.go:201.48,202.22 1 1
github.com/dhoard/fleetsh/internal/output/stream.go:202.22,205.5 2 1
github.com/dhoard/fleetsh/internal/output/stream.go:206.4,207.36 2 1
github.com/dhoard/fleetsh/internal/output/stream.go:210.3,210.14 1 1
github.com/dhoard/fleetsh/internal/output/stream.go:210.14,230.4 9 1
github.com/dhoard/fleetsh/internal/output/stream.go:230.9,230.28 1 1
github.com/dhoard/fleetsh/internal/output/stream.go:230.28,238.4 1 1
github.com/dhoard/fleetsh/internal/output/stream.go:238.9,238.23 1 1
github.com/dhoard/fleetsh/internal/output/stream.go:238.23,248.4 3 1
github.com/dhoard/fleetsh/internal/output/stream.go:248.9,258.4 3 1
github.com/dhoard/fleetsh/internal/output/stream.go:261.2,261.20 1 1
github.com/dhoard/fleetsh/internal/output/stream.go:261.20,264.3 2 1
github.com/dhoard/fleetsh/internal/output/stream.go:266.2,278.16 5 1
github.com/dhoard/fleetsh/internal/output/stream.go:281.45,282.26 1 1
github.com/dhoard/fleetsh/internal/output/stream.go:282.26,284.3 1 1
github.com/dhoard/fleetsh/internal/output/stream.go:285.2,285.21 1 1
github.com/dhoard/fleetsh/internal/output/stream.go:285.21,287.3 1 1
github.com/dhoard/fleetsh/internal/output/stream.go:288.2,288.46 1 1
github.com/dhoard/fleetsh/internal/sshrun/client.go:53.18,56.3 2 1
github.com/dhoard/fleetsh/internal/sshrun/client.go:64.38,67.18 2 1
github.com/dhoard/fleetsh/internal/sshrun/client.go:67.18,69.3 1 1
github.com/dhoard/fleetsh/internal/sshrun/client.go:71.2,77.23 4 1
github.com/dhoard/fleetsh/internal/sshrun/client.go:77.23,79.3 1 1
github.com/dhoard/fleetsh/internal/sshrun/client.go:81.2,83.13 2 1
github.com/dhoard/fleetsh/internal/sshrun/client.go:89.68,92.18 2 1
github.com/dhoard/fleetsh/internal/sshrun/client.go:92.18,94.3 1 1
github.com/dhoard/fleetsh/internal/sshrun/client.go:96.2,102.23 4 1
github.com/dhoard/fleetsh/internal/sshrun/client.go:102.23,104.3 1 1
github.com/dhoard/fleetsh/internal/sshrun/client.go:105.2,109.13 3 1
github.com/dhoard/fleetsh/internal/sshrun/client.go:112.44,113.20 1 1
github.com/dhoard/fleetsh/internal/sshrun/client.go:113.20,115.3 1 1
github.com/dhoard/fleetsh/internal/sshrun/client.go:116.2,116.20 1 1
github.com/dhoard/fleetsh/internal/sshrun/client.go:122.40,124.2 1 1
github.com/dhoard/fleetsh/internal/sshrun/client.go:130.51,140.2 2 1
github.com/dhoard/fleetsh/internal/sshrun/client.go:142.87,145.16 3 0
github.com/dhoard/fleetsh/internal/sshrun/client.go:145.16,147.21 2 0
github.com/dhoard/fleetsh/internal/sshrun/client.go:147.21,149.4 1 0
github.com/dhoard/fleetsh/internal/sshrun/client.go:150.3,151.61 2 0
github.com/dhoard/fleetsh/internal/sshrun/client.go:151.61,153.4 1 0
github.com/dhoard/fleetsh/internal/sshrun/client.go:154.3,155.17 2 0
github.com/dhoard/fleetsh/internal/sshrun/client.go:155.17,157.4 1 0
github.com/dhoard/fleetsh/internal/sshrun/client.go:159.2,162.52 3 0
github.com/dhoard/fleetsh/internal/sshrun/client.go:162.52,165.3 2 0
github.com/dhoard/fleetsh/internal/sshrun/client.go:166.2,173.34 6 0
github.com/dhoard/fleetsh/internal/sshrun/client.go:173.34,177.22 3 0
github.com/dhoard/fleetsh/internal/sshrun/client.go:177.22,179.4 1 0
github.com/dhoard/fleetsh/internal/sshrun/client.go:181.3,183.35 3 0
github.com/dhoard/fleetsh/internal/sshrun/client.go:183.35,185.4 1 0
github.com/dhoard/fleetsh/internal/sshrun/client.go:187.3,188.27 2 0
github.com/dhoard/fleetsh/internal/sshrun/client.go:191.2,193.24 2 0
github.com/dhoard/fleetsh/internal/sshrun/client.go:196.82,202.16 5 0
github.com/dhoard/fleetsh/internal/sshrun/client.go:202.16,204.3 1 0
github.com/dhoard/fleetsh/internal/sshrun/client.go:206.2,207.16 2 0
github.com/dhoard/fleetsh/internal/sshrun/client.go:207.16,209.3 1 0
github.com/dhoard/fleetsh/internal/sshrun/client.go:211.2,211.18 1 0
github.com/dhoard/fleetsh/internal/sshrun/client.go:214.134,216.12 2 0
github.com/dhoard/fleetsh/internal/sshrun/client.go:216.12,225.17 7 0
github.com/dhoard/fleetsh/internal/sshrun/client.go:225.17,228.4 2 0
github.com/dhoard/fleetsh/internal/sshrun/client.go:238.3,246.81 6 0
github.com/dhoard/fleetsh/internal/sshrun/client.go:248.2,248.11 1 0
github.com/dhoard/fleetsh/internal/sshrun/client.go:251.128,253.2 1 0
github.com/dhoard/fleetsh/internal/sshrun/client.go:255.133,257.2 1 0
github.com/dhoard/fleetsh/internal/sshrun/client.go:259.162,260.36 1 1
github.com/dhoard/fleetsh/internal/sshrun/client.go:260.36,263.3 2 1
github.com/dhoard/fleetsh/internal/sshrun/client.go:265.2,268.12 3 1
github.com/dhoard/fleetsh/internal/sshrun/client.go:268.12,271.3 2 1
github.com/dhoard/fleetsh/internal/sshrun/client.go:273.2,273.12 1 1
github.com/dhoard/fleetsh/internal/sshrun/client.go:273.12,276.3 2 1
github.com/dhoard/fleetsh/internal/sshrun/client.go:278.2,289.16 5 1
github.com/dhoard/fleetsh/internal/sshrun/client.go:289.16,292.3 2 1
github.com/dhoard/fleetsh/internal/sshrun/client.go:292.8,293.47 1 1
github.com/dhoard/fleetsh/internal/sshrun/client.go:293.47,295.4 1 1
github.com/dhoard/fleetsh/internal/sshrun/client.go:295.9,298.4 2 0
github.com/dhoard/fleetsh/internal/sshrun/client.go:299.3,299.59 1 1
github.com/dhoard/fleetsh/internal/sshrun/client.go:299.59,300.45 1 1
github.com/dhoard/fleetsh/internal/sshrun/client.go:300.45,302.5 1 1
github.com/dhoard/fleetsh/internal/sshrun/client.go:306.2,306.13 1 1
github.com/dhoard/fleetsh/internal/sshrun/client.go:310.102,311.20 1 1
github.com/dhoard/fleetsh/internal/sshrun/client.go:311.20,313.3 1 1
github.com/dhoard/fleetsh/internal/sshrun/client.go:314.2,314.15 1 1
github.com/dhoard/fleetsh/internal/sshrun/client.go:314.15,316.3 1 1
github.com/dhoard/fleetsh/internal/sshrun/client.go:316.8,318.3 1 1
github.com/dhoard/fleetsh/internal/sshrun/client.go:325.104,334.6 7 1
github.com/dhoard/fleetsh/internal/sshrun/client.go:334.6,336.30 2 1
github.com/dhoard/fleetsh/internal/sshrun/client.go:336.30,338.9 2 1
github.com/dhoard/fleetsh/internal/sshrun/client.go:340.3,340.17 1 1
github.com/dhoard/fleetsh/internal/sshrun/client.go:340.17,343.9 3 1
github.com/dhoard/fleetsh/internal/sshrun/client.go:346.3,348.23 3 1
github.com/dhoard/fleetsh/internal/sshrun/client.go:348.23,350.15 2 1
github.com/dhoard/fleetsh/internal/sshrun/client.go:350.15,353.19 2 1
github.com/dhoard/fleetsh/internal/sshrun/client.go:353.19,354.60 1 1
github.com/dhoard/fleetsh/internal/sshrun/client.go:354.60,358.7 3 1
github.com/dhoard/fleetsh/internal/sshrun/client.go:358.12,360.7 1 1
github.com/dhoard/fleetsh/internal/sshrun/client.go:362.5,362.10 1 1
github.com/dhoard/fleetsh/internal/sshrun/client.go:365.4,366.18 2 1
github.com/dhoard/fleetsh/internal/sshrun/client.go:366.18,367.59 1 1
github.com/dhoard/fleetsh/internal/sshrun/client.go:367.59,371.6 3 1
github.com/dhoard/fleetsh/internal/sshrun/client.go:371.11,373.6 1 1
github.com/dhoard/fleetsh/internal/sshrun/client.go:375.4,375.21 1 1
github.com/dhoard/fleetsh/internal/sshrun/client.go:375.21,379.5 3 1
github.com/dhoard/fleetsh/internal/sshrun/client.go:380.4,380.18 1 1
github.com/dhoard/fleetsh/internal/sshrun/client.go:385.70,389.47 4 1
github.com/dhoard/fleetsh/internal/sshrun/client.go:389.47,391.3 1 1
github.com/dhoard/fleetsh/internal/sshrun/client.go:392.2,393.18 2 1
github.com/dhoard/fleetsh/internal/sshrun/client.go:393.18,395.3 1 1
github.com/dhoard/fleetsh/internal/sshrun/client.go:396.2,396.25 1 1
github.com/dhoard/fleetsh/internal/sshrun/client.go:396.25,398.3 1 1
github.com/dhoard/fleetsh/internal/sshrun/client.go:399.2,399.23 1 1
github.com/dhoard/fleetsh/internal/sshrun/client.go:399.23,401.3 1 1
github.com/dhoard/fleetsh/internal/sshrun/client.go:401.8,403.3 1 1
github.com/dhoard/fleetsh/internal/sshrun/client.go:404.2,404.20 1 1
github.com/dhoard/fleetsh/internal/sshrun/result.go:50.48,53.28 3 1
github.com/dhoard/fleetsh/internal/sshrun/result.go:53.28,54.16 1 1
github.com/dhoard/fleetsh/internal/sshrun/result.go:54.16,56.4 1 1
github.com/dhoard/fleetsh/internal/sshrun/result.go:56.9,58.4 1 1
github.com/dhoard/fleetsh/internal/sshrun/result.go:60.2,60.10 1 1
github.com/dhoard/fleetsh/internal/sshrun/runner.go:47.80,54.2 1 1
github.com/dhoard/fleetsh/internal/sshrun/runner.go:56.79,59.12 2 1
github.com/dhoard/fleetsh/internal/sshrun/runner.go:59.12,62.15 2 1
github.com/dhoard/fleetsh/internal/sshrun/runner.go:62.15,65.4 2 1
github.com/dhoard/fleetsh/internal/sshrun/runner.go:67.3,71.24 4 0
github.com/dhoard/fleetsh/internal/sshrun/runner.go:71.24,72.35 1 0
github.com/dhoard/fleetsh/internal/sshrun/runner.go:72.35,73.10 1 0
github.com/dhoard/fleetsh/internal/sshrun/runner.go:76.4,79.23 3 0
github.com/dhoard/fleetsh/internal/sshrun/runner.go:79.23,81.18 2 0
github.com/dhoard/fleetsh/internal/sshrun/runner.go:81.18,81.27 1 0
github.com/dhoard/fleetsh/internal/sshrun/runner.go:83.4,84.21 2 0
github.com/dhoard/fleetsh/internal/sshrun/runner.go:84.21,86.5 1 0
github.com/dhoard/fleetsh/internal/sshrun/runner.go:86.10,88.5 1 0
github.com/dhoard/fleetsh/internal/sshrun/runner.go:90.5,90.24 1 0
github.com/dhoard/fleetsh/internal/sshrun/runner.go:90.24,93.32 3 0
github.com/dhoard/fleetsh/internal/sshrun/runner.go:93.32,95.7 1 0
github.com/dhoard/fleetsh/internal/sshrun/runner.go:100.3,100.12 1 0
github.com/dhoard/fleetsh/internal/sshrun/runner.go:103.2,103.12 1 1
github.com/dhoard/fleetsh/internal/sshrun/runner.go:106.68,107.29 1 1
github.com/dhoard/fleetsh/internal/sshrun/runner.go:107.29,110.20 3 1
github.com/dhoard/fleetsh/internal/sshrun/runner.go:110.20,113.4 2 1
github.com/dhoard/fleetsh/internal/sshrun/runner.go:114.3,120.4 1 1
github.com/dhoard/fleetsh/internal/sshrun/runner.go:124.126,128.42 3 1
github.com/dhoard/fleetsh/internal/sshrun/runner.go:128.42,130.3 1 1
github.com/dhoard/fleetsh/internal/sshrun/runner.go:132.2,132.27 1 1
github.com/dhoard/fleetsh/internal/sshrun/runner.go:132.27,134.21 2 1
github.com/dhoard/fleetsh/internal/sshrun/runner.go:134.21,136.4 1 1
github.com/dhoard/fleetsh/internal/sshrun/runner.go:138.3,153.4 2 1
github.com/dhoard/fleetsh/internal/sshrun/runner.go:155.2,155.14 1 1
github.com/dhoard/fleetsh/internal/sshrun/runner.go:158.129,161.12 2 1
github.com/dhoard/fleetsh/internal/sshrun/runner.go:161.12,168.24 5 1
github.com/dhoard/fleetsh/internal/sshrun/runner.go:168.24,169.33 1 1
github.com/dhoard/fleetsh/internal/sshrun/runner.go:169.33,170.10 1 0
github.com/dhoard/fleetsh/internal/sshrun/runner.go:172.4,172.24 1 1
github.com/dhoard/fleetsh/internal/sshrun/runner.go:172.24,173.10 1 1
github.com/dhoard/fleetsh/internal/sshrun/runner.go:176.4,179.40 3 1
github.com/dhoard/fleetsh/internal/sshrun/runner.go:179.40,181.18 2 1
github.com/dhoard/fleetsh/internal/sshrun/runner.go:181.18,181.27 1 1
github.com/dhoard/fleetsh/internal/sshrun/runner.go:183.5,195.21 5 1
github.com/dhoard/fleetsh/internal/sshrun/runner.go:195.21,200.18 5 0
github.com/dhoard/fleetsh/internal/sshrun/runner.go:200.18,202.7 1 0
github.com/dhoard/fleetsh/internal/sshrun/runner.go:203.6,204.12 2 0
github.com/dhoard/fleetsh/internal/sshrun/runner.go:207.5,212.17 6 1
github.com/dhoard/fleetsh/internal/sshrun/runner.go:212.17,214.6 1 1
github.com/dhoard/fleetsh/internal/sshrun/runner.go:215.5,215.14 1 1
github.com/dhoard/fleetsh/internal/sshrun/runner.go:219.3,219.12 1 1
github.com/dhoard/fleetsh/internal/sshrun/runner.go:222.2,222.12 1 1
github.com/dhoard/fleetsh/internal/sshrun/runner.go:228.122,230.16 2 1
github.com/dhoard/fleetsh/internal/sshrun/runner.go:230.16,232.3 1 0
github.com/dhoard/fleetsh/internal/sshrun/runner.go:234.2,242.12 6 1
github.com/dhoard/fleetsh/internal/sshrun/runner.go:242.12,243.10 1 1
github.com/dhoard/fleetsh/internal/sshrun/runner.go:244.21,245.17 1 0
github.com/dhoard/fleetsh/internal/sshrun/runner.go:246.18,246.18 0 1
github.com/dhoard/fleetsh/internal/sshrun/runner.go:250.2,250.37 1 1
github.com/dhoard/fleetsh/internal/sshrun/runner.go:250.37,251.117 1 1
github.com/dhoard/fleetsh/internal/sshrun/runner.go:251.117,253.4 1 1
github.com/dhoard/fleetsh/internal/sshrun/runner.go:254.3,254.39 1 0
github.com/dhoard/fleetsh/internal/sshrun/runner.go:257.2,259.28 2 0
github.com/dhoard/fleetsh/internal/sshrun/runner.go:259.28,261.3 1 0
github.com/dhoard/fleetsh/internal/sshrun/runner.go:263.2,268.149 6 0
github.com/dhoard/fleetsh/internal/sshrun/runner.go:274.81,277.36 2 1
github.com/dhoard/fleetsh/internal/sshrun/runner.go:277.36,279.3 1 1
github.com/dhoard/fleetsh/internal/sshrun/runner.go:280.2,283.29 3 1
github.com/dhoard/fleetsh/internal/sshrun/runner.go:283.29,284.23 1 1
github.com/dhoard/fleetsh/internal/sshrun/runner.go:284.23,285.9 1 0
github.com/dhoard/fleetsh/internal/sshrun/runner.go:287.3,287.30 1 1
github.com/dhoard/fleetsh/internal/sshrun/runner.go:287.30,293.18 6 1
github.com/dhoard/fleetsh/internal/sshrun/runner.go:293.18,296.10 3 1
github.com/dhoard/fleetsh/internal/sshrun/runner.go:300.3,300.18 1 1
github.com/dhoard/fleetsh/internal/sshrun/runner.go:300.18,302.4 1 1
github.com/dhoard/fleetsh/internal/sshrun/runner.go:305.2,305.21 1 1
github.com/dhoard/fleetsh/internal/sshrun/runner.go:305.21,307.3 1 1
github.com/dhoard/fleetsh/internal/sshrun/runner.go:309.2,312.26 4 1
github.com/dhoard/fleetsh/internal/sshrun/runner.go:312.26,315.17 3 1
github.com/dhoard/fleetsh/internal/sshrun/runner.go:315.17,317.4 1 0
github.com/dhoard/fleetsh/internal/sshrun/runner.go:318.3,318.17 1 1
github.com/dhoard/fleetsh/internal/sshrun/runner.go:318.17,320.4 1 1
github.com/dhoard/fleetsh/internal/sshrun/runner.go:322.2,326.130 4 1
github.com/dhoard/fleetsh/cmd/fleetsh/main.go:24.32,28.20 4 1
github.com/dhoard/fleetsh/cmd/fleetsh/main.go:28.20,30.37 2 1
github.com/dhoard/fleetsh/cmd/fleetsh/main.go:30.37,31.61 1 1
github.com/dhoard/fleetsh/cmd/fleetsh/main.go:31.61,33.5 1 1
github.com/dhoard/fleetsh/cmd/fleetsh/main.go:33.10,36.5 2 1
github.com/dhoard/fleetsh/cmd/fleetsh/main.go:37.4,38.12 2 1
github.com/dhoard/fleetsh/cmd/fleetsh/main.go:40.3,41.6 2 1
github.com/dhoard/fleetsh/cmd/fleetsh/main.go:43.2,43.15 1 1
github.com/dhoard/fleetsh/cmd/fleetsh/main.go:46.13,49.2 2 0
github.com/dhoard/fleetsh/internal/inventory/inventory.go:31.37,32.19 1 1
github.com/dhoard/fleetsh/internal/inventory/inventory.go:32.19,34.3 1 1
github.com/dhoard/fleetsh/internal/inventory/inventory.go:35.2,35.15 1 1
github.com/dhoard/fleetsh/internal/inventory/inventory.go:53.71,54.41 1 1
github.com/dhoard/fleetsh/internal/inventory/inventory.go:54.41,56.3 1 1
github.com/dhoard/fleetsh/internal/inventory/inventory.go:58.2,58.41 1 1
github.com/dhoard/fleetsh/internal/inventory/inventory.go:58.41,61.33 3 1
github.com/dhoard/fleetsh/internal/inventory/inventory.go:61.33,63.18 2 1
github.com/dhoard/fleetsh/internal/inventory/inventory.go:63.18,66.5 2 1
github.com/dhoard/fleetsh/internal/inventory/inventory.go:68.3,68.21 1 1
github.com/dhoard/fleetsh/internal/inventory/inventory.go:71.2,71.68 1 1
github.com/dhoard/fleetsh/internal/inventory/inventory.go:74.92,76.31 2 1
github.com/dhoard/fleetsh/internal/inventory/inventory.go:76.31,77.32 1 1
github.com/dhoard/fleetsh/internal/inventory/inventory.go:77.32,79.4 1 1
github.com/dhoard/fleetsh/internal/inventory/inventory.go:81.2,85.29 4 1
github.com/dhoard/fleetsh/internal/inventory/inventory.go:85.29,86.44 1 1
github.com/dhoard/fleetsh/internal/inventory/inventory.go:86.44,88.18 2 1
github.com/dhoard/fleetsh/internal/inventory/inventory.go:88.18,91.5 2 1
github.com/dhoard/fleetsh/internal/inventory/inventory.go:95.2,95.22 1 1
github.com/dhoard/fleetsh/internal/inventory/inventory.go:95.22,97.3 1 1
github.com/dhoard/fleetsh/internal/inventory/inventory.go:98.2,98.20 1 1
github.com/dhoard/fleetsh/internal/inventory/inventory.go:101.92,103.33 2 1
github.com/dhoard/fleetsh/internal/inventory/inventory.go:103.33,104.33 1 1
github.com/dhoard/fleetsh/internal/inventory/inventory.go:104.33,106.4 1 1
github.com/dhoard/fleetsh/internal/inventory/inventory.go:108.2,112.30 4 1
github.com/dhoard/fleetsh/internal/inventory/inventory.go:112.30,115.17 3 1
github.com/dhoard/fleetsh/internal/inventory/inventory.go:115.17,118.4 2 1
github.com/dhoard/fleetsh/internal/inventory/inventory.go:121.2,121.22 1 1
github.com/dhoard/fleetsh/internal/inventory/inventory.go:121.22,123.3 1 1
github.com/dhoard/fleetsh/internal/inventory/inventory.go:124.2,124.20 1 1
github.com/dhoard/fleetsh/internal/inventory/parser.go:28.36,30.2 1 1
github.com/dhoard/fleetsh/internal/inventory/parser.go:32.45,34.16 2 1
github.com/dhoard/fleetsh/internal/inventory/parser.go:34.16,36.3 1 1
github.com/dhoard/fleetsh/internal/inventory/parser.go:37.2,48.21 6 1
github.com/dhoard/fleetsh/internal/inventory/parser.go:48.21,51.53 2 1
github.com/dhoard/fleetsh/internal/inventory/parser.go:51.53,52.12 1 1
github.com/dhoard/fleetsh/internal/inventory/parser.go:55.3,55.67 1 1
github.com/dhoard/fleetsh/internal/inventory/parser.go:55.67,59.31 3 1
github.com/dhoard/fleetsh/internal/inventory/parser.go:59.31,61.5 1 1
github.com/dhoard/fleetsh/internal/inventory/parser.go:62.4,62.30 1 1
github.com/dhoard/fleetsh/internal/inventory/parser.go:62.30,64.5 1 1
github.com/dhoard/fleetsh/internal/inventory/parser.go:65.4,65.42 1 1
github.com/dhoard/fleetsh/internal/inventory/parser.go:65.42,67.5 1 1
github.com/dhoard/fleetsh/internal/inventory/parser.go:69.4,71.12 3 1
github.com/dhoard/fleetsh/internal/inventory/parser.go:74.3,74.20 1 1
github.com/dhoard/fleetsh/internal/inventory/parser.go:74.20,76.32 2 1
github.com/dhoard/fleetsh/internal/inventory/parser.go:76.32,78.5 1 1
github.com/dhoard/fleetsh/internal/inventory/parser.go:79.4,79.31 1 1
github.com/dhoard/fleetsh/internal/inventory/parser.go:79.31,81.5 1 1
github.com/dhoard/fleetsh/internal/inventory/parser.go:82.4,82.52 1 1
github.com/dhoard/fleetsh/internal/inventory/parser.go:82.52,84.5 1 1
github.com/dhoard/fleetsh/internal/inventory/parser.go:85.4,85.34 1 1
github.com/dhoard/fleetsh/internal/inventory/parser.go:86.9,88.27 2 1
github.com/dhoard/fleetsh/internal/inventory/parser.go:88.27,90.5 1 1
github.com/dhoard/fleetsh/internal/inventory/parser.go:91.4,92.11 2 1
github.com/dhoard/fleetsh/internal/inventory/parser.go:92.11,94.5 1 1
github.com/dhoard/fleetsh/internal/inventory/parser.go:95.4,95.57 1 1
github.com/dhoard/fleetsh/internal/inventory/parser.go:99.2,99.38 1 1
github.com/dhoard/fleetsh/internal/inventory/parser.go:99.38,101.3 1 1
github.com/dhoard/fleetsh/internal/inventory/parser.go:103.2,103.17 1 1
github.com/dhoard/fleetsh/internal/inventory/parser.go:106.45,108.20 2 1
github.com/dhoard/fleetsh/internal/inventory/parser.go:108.20,110.3 1 1
github.com/dhoard/fleetsh/internal/inventory/parser.go:112.2,115.20 3 1
github.com/dhoard/fleetsh/internal/inventory/parser.go:115.20,117.56 2 1
github.com/dhoard/fleetsh/internal/inventory/parser.go:117.56,120.22 3 1
github.com/dhoard/fleetsh/internal/inventory/parser.go:120.22,122.5 1 1
github.com/dhoard/fleetsh/internal/inventory/parser.go:123.4,123.19 1 1
github.com/dhoard/fleetsh/internal/inventory/parser.go:125.3,125.45 1 1
github.com/dhoard/fleetsh/internal/inventory/parser.go:126.8,128.3 1 1
github.com/dhoard/fleetsh/internal/inventory/parser.go:130.2,130.19 1 1
github.com/dhoard/fleetsh/internal/inventory/parser.go:130.19,132.3 1 1
github.com/dhoard/fleetsh/internal/inventory/parser.go:134.2,134.13 1 1
github.com/dhoard/fleetsh/internal/inventory/parser.go:137.41,144.25 5 1
github.com/dhoard/fleetsh/internal/inventory/parser.go:144.25,145.14 1 1
github.com/dhoard/fleetsh/internal/inventory/parser.go:145.14,146.22 1 1
github.com/dhoard/fleetsh/internal/inventory/parser.go:146.22,148.5 1 1
github.com/dhoard/fleetsh/internal/inventory/parser.go:148.10,150.5 1 1
github.com/dhoard/fleetsh/internal/inventory/parser.go:151.9,152.29 1 1
github.com/dhoard/fleetsh/internal/inventory/parser.go:152.29,155.5 2 1
github.com/dhoard/fleetsh/internal/inventory/parser.go:155.10,155.33 1 1
github.com/dhoard/fleetsh/internal/inventory/parser.go:155.33,156.26 1 1
github.com/dhoard/fleetsh/internal/inventory/parser.go:156.26,159.6 2 1
github.com/dhoard/fleetsh/internal/inventory/parser.go:160.10,162.5 1 1
github.com/dhoard/fleetsh/internal/inventory/parser.go:166.2,166.23 1 1
github.com/dhoard/fleetsh/internal/inventory/parser.go:166.23,168.3 1 1
github.com/dhoard/fleetsh/internal/inventory/parser.go:170.2,170.13 1 1
github.com/dhoard/fleetsh/internal/inventory/parser.go:173.47,174.50 1 1
github.com/dhoard/fleetsh/internal/inventory/parser.go:174.50,177.47 3 1
github.com/dhoard/fleetsh/internal/inventory/parser.go:177.47,179.4 1 1
github.com/dhoard/fleetsh/internal/inventory/parser.go:181.2,181.16 1 1
github.com/dhoard/fleetsh/internal/inventory/parser.go:184.39,186.22 2 1
github.com/dhoard/fleetsh/internal/inventory/parser.go:186.22,187.25 1 1
github.com/dhoard/fleetsh/internal/inventory/parser.go:187.25,189.4 1 1
github.com/dhoard/fleetsh/internal/inventory/parser.go:190.3,191.16 2 1
github.com/dhoard/fleetsh/internal/inventory/parser.go:191.16,193.4 1 1
github.com/dhoard/fleetsh/internal/inventory/parser.go:195.2,195.12 1 1
github.com/dhoard/fleetsh/internal/inventory/parser.go:195.12,197.3 1 1
github.com/dhoard/fleetsh/internal/inventory/parser.go:198.2,198.15 1 1
github.com/dhoard/fleetsh/internal/cli/root.go:61.36,61.82 1 1
github.com/dhoard/fleetsh/internal/cli/root.go:68.16,71.16 3 0
github.com/dhoard/fleetsh/internal/cli/root.go:71.16,73.3 1 0
github.com/dhoard/fleetsh/internal/cli/root.go:75.2,76.25 2 0
github.com/dhoard/fleetsh/internal/cli/root.go:76.25,78.3 1 0
github.com/dhoard/fleetsh/internal/cli/root.go:79.2,79.12 1 0
github.com/dhoard/fleetsh/internal/cli/root.go:82.36,96.65 6 1
github.com/dhoard/fleetsh/internal/cli/root.go:96.65,97.62 1 1
github.com/dhoard/fleetsh/internal/cli/root.go:97.62,98.74 1 1
github.com/dhoard/fleetsh/internal/cli/root.go:98.74,102.5 3 1
github.com/dhoard/fleetsh/internal/cli/root.go:104.3,106.13 3 1
github.com/dhoard/fleetsh/internal/cli/root.go:108.2,121.12 13 1
github.com/dhoard/fleetsh/internal/cli/root.go:124.52,125.57 1 1
github.com/dhoard/fleetsh/internal/cli/root.go:125.57,130.3 4 1
github.com/dhoard/fleetsh/internal/cli/root.go:132.2,132.32 1 1
github.com/dhoard/fleetsh/internal/cli/root.go:132.32,135.3 2 1
github.com/dhoard/fleetsh/internal/cli/root.go:137.2,137.39 1 1
github.com/dhoard/fleetsh/internal/cli/root.go:137.39,138.76 1 1
github.com/dhoard/fleetsh/internal/cli/root.go:138.76,141.4 2 1
github.com/dhoard/fleetsh/internal/cli/root.go:144.2,144.38 1 1
github.com/dhoard/fleetsh/internal/cli/root.go:144.38,146.3 1 1
github.com/dhoard/fleetsh/internal/cli/root.go:148.2,148.49 1 1
github.com/dhoard/fleetsh/internal/cli/root.go:148.49,150.3 1 1
github.com/dhoard/fleetsh/internal/cli/root.go:152.2,152.106 1 1
github.com/dhoard/fleetsh/internal/cli/root.go:152.106,153.73 1 1
github.com/dhoard/fleetsh/internal/cli/root.go:153.73,155.4 1 0
github.com/dhoard/fleetsh/internal/cli/root.go:156.3,156.72 1 1
github.com/dhoard/fleetsh/internal/cli/root.go:159.2,159.60 1 1
github.com/dhoard/fleetsh/internal/cli/root.go:159.60,161.3 1 1
github.com/dhoard/fleetsh/internal/cli/root.go:163.2,164.20 2 1
github.com/dhoard/fleetsh/internal/cli/root.go:164.20,166.3 1 1
github.com/dhoard/fleetsh/internal/cli/root.go:168.2,168.32 1 1
github.com/dhoard/fleetsh/internal/cli/root.go:168.32,170.3 1 1
github.com/dhoard/fleetsh/internal/cli/root.go:171.2,171.30 1 1
github.com/dhoard/fleetsh/internal/cli/root.go:171.30,173.3 1 1
github.com/dhoard/fleetsh/internal/cli/root.go:174.2,174.25 1 1
github.com/dhoard/fleetsh/internal/cli/root.go:174.25,175.51 1 1
github.com/dhoard/fleetsh/internal/cli/root.go:175.51,177.4 1 1
github.com/dhoard/fleetsh/internal/cli/root.go:180.2,180.34 1 1
github.com/dhoard/fleetsh/internal/cli/root.go:180.34,181.49 1 0
github.com/dhoard/fleetsh/internal/cli/root.go:181.49,183.4 1 0
github.com/dhoard/fleetsh/internal/cli/root.go:184.3,184.49 1 0
github.com/dhoard/fleetsh/internal/cli/root.go:184.49,186.4 1 0
github.com/dhoard/fleetsh/internal/cli/root.go:189.2,190.25 2 1
github.com/dhoard/fleetsh/internal/cli/root.go:190.25,192.3 1 0
github.com/dhoard/fleetsh/internal/cli/root.go:194.2,195.16 2 1
github.com/dhoard/fleetsh/internal/cli/root.go:195.16,197.3 1 0
github.com/dhoard/fleetsh/internal/cli/root.go:199.2,200.18 2 1
github.com/dhoard/fleetsh/internal/cli/root.go:200.18,201.20 1 1
github.com/dhoard/fleetsh/internal/cli/root.go:201.20,203.4 1 1
github.com/dhoard/fleetsh/internal/cli/root.go:206.2,209.16 3 1
github.com/dhoard/fleetsh/internal/cli/root.go:209.16,211.3 1 1
github.com/dhoard/fleetsh/internal/cli/root.go:213.2,213.21 1 1
github.com/dhoard/fleetsh/internal/cli/root.go:213.21,215.3 1 0
github.com/dhoard/fleetsh/internal/cli/root.go:217.2,218.26 2 1
github.com/dhoard/fleetsh/internal/cli/root.go:218.26,220.23 2 1
github.com/dhoard/fleetsh/internal/cli/root.go:220.23,222.4 1 1
github.com/dhoard/fleetsh/internal/cli/root.go:225.2,232.22 6 1
github.com/dhoard/fleetsh/internal/cli/root.go:232.22,235.17 3 1
github.com/dhoard/fleetsh/internal/cli/root.go:235.17,237.4 1 1
github.com/dhoard/fleetsh/internal/cli/root.go:240.2,244.18 3 1
github.com/dhoard/fleetsh/internal/cli/root.go:244.18,249.15 5 0
github.com/dhoard/fleetsh/internal/cli/root.go:249.15,251.4 1 0
github.com/dhoard/fleetsh/internal/cli/root.go:251.9,253.4 1 0
github.com/dhoard/fleetsh/internal/cli/root.go:254.3,255.25 2 0
github.com/dhoard/fleetsh/internal/cli/root.go:255.25,257.4 1 0
github.com/dhoard/fleetsh/internal/cli/root.go:258.3,258.13 1 0
github.com/dhoard/fleetsh/internal/cli/root.go:261.2,265.14 4 1
github.com/dhoard/fleetsh/internal/cli/root.go:265.14,267.3 1 1
github.com/dhoard/fleetsh/internal/cli/root.go:267.8,269.3 1 1
github.com/dhoard/fleetsh/internal/cli/root.go:271.2,273.24 2 1
github.com/dhoard/fleetsh/internal/cli/root.go:273.24,275.3 1 0
github.com/dhoard/fleetsh/internal/cli/root.go:277.2,277.12 1 1
github.com/dhoard/fleetsh/internal/cli/root.go:280.39,282.16 2 1
github.com/dhoard/fleetsh/internal/cli/root.go:282.16,284.43 2 1
github.com/dhoard/fleetsh/internal/cli/root.go:284.43,286.4 1 1
github.com/dhoard/fleetsh/internal/cli/root.go:289.2,290.16 2 1
github.com/dhoard/fleetsh/internal/cli/root.go:290.16,292.44 2 1
github.com/dhoard/fleetsh/internal/cli/root.go:292.44,294.4 1 1
github.com/dhoard/fleetsh/internal/cli/root.go:297.2,297.19 1 1
github.com/dhoard/fleetsh/internal/cli/root.go:300.36,302.2 1 1
github.com/dhoard/fleetsh/internal/cli/root.go:308.54,321.27 4 1
github.com/dhoard/fleetsh/internal/cli/root.go:321.27,322.31 1 1
github.com/dhoard/fleetsh/internal/cli/root.go:322.31,324.79 1 1
github.com/dhoard/fleetsh/internal/cli/root.go:324.79,326.28 2 1
github.com/dhoard/fleetsh/internal/cli/root.go:326.28,327.21 1 1
github.com/dhoard/fleetsh/internal/cli/root.go:327.21,329.12 2 1
github.com/dhoard/fleetsh/internal/cli/root.go:332.5,332.17 1 1
github.com/dhoard/fleetsh/internal/cli/root.go:332.17,334.6 1 1
github.com/dhoard/fleetsh/internal/cli/root.go:339.2,339.19 1 1
github.com/dhoard/fleetsh/internal/cli/root.go:339.19,341.3 1 1
github.com/dhoard/fleetsh/internal/cli/root.go:343.2,343.61 1 1
github.com/dhoard/fleetsh/internal/cli/root.go:346.52,347.24 1 1
github.com/dhoard/fleetsh/internal/cli/root.go:347.24,349.3 1 1
github.com/dhoard/fleetsh/internal/cli/root.go:350.2,351.17 2 1
github.com/dhoard/fleetsh/internal/cli/root.go:351.17,353.3 1 1
github.com/dhoard/fleetsh/internal/cli/root.go:354.2,354.19 1 1
github.com/dhoard/fleetsh/internal/cli/root.go:357.119,359.16 2 1
github.com/dhoard/fleetsh/internal/cli/root.go:359.16,361.3 1 1
github.com/dhoard/fleetsh/internal/cli/root.go:363.2,363.22 1 1
github.com/dhoard/fleetsh/internal/cli/root.go:363.22,365.17 2 1
github.com/dhoard/fleetsh/internal/cli/root.go:365.17,367.4 1 1
github.com/dhoard/fleetsh/internal/cli/root.go:368.3,368.18 1 1
github.com/dhoard/fleetsh/internal/cli/root.go:368.18,370.4 1 1
github.com/dhoard/fleetsh/internal/cli/root.go:371.3,371.37 1 1
github.com/dhoard/fleetsh/internal/cli/root.go:374.2,375.34 2 1
github.com/dhoard/fleetsh/internal/cli/root.go:375.34,377.3 1 1
github.com/dhoard/fleetsh/internal/cli/root.go:379.2,379.17 1 1
github.com/dhoard/fleetsh/internal/cli/root.go:379.17,381.19 2 1
github.com/dhoard/fleetsh/internal/cli/root.go:381.19,383.18 2 1
github.com/dhoard/fleetsh/internal/cli/root.go:383.18,385.5 1 1
github.com/dhoard/fleetsh/internal/cli/root.go:389.2,389.64 1 1
